node:events:497
      throw er; // Unhandled 'error' event
      ^

Error: listen EPERM: operation not permitted 0.0.0.0:3000
    at Server.setupListenHandle [as _listen2] (node:net:1881:21)
    at listenInCluster (node:net:1946:12)
    at Server.listen (node:net:2044:7)
    at Object.<anonymous> (/Users/estebanruiz/proyectos/carreras/server.js:117:8)
    at Module._compile (node:internal/modules/cjs/loader:1358:14)
    at Module._extensions..js (node:internal/modules/cjs/loader:1416:10)
    at Module.load (node:internal/modules/cjs/loader:1208:32)
    at Module._load (node:internal/modules/cjs/loader:1024:12)
    at Function.executeUserEntryPoint [as runMain] (node:internal/modules/run_main:174:12)
    at node:internal/main/run_main_module:28:49
Emitted 'error' event on WebSocketServer instance at:
    at Server.emit (node:events:519:28)
    at emitErrorNT (node:net:1925:8)
    at process.processTicksAndRejections (node:internal/process/task_queues:82:21) {
  code: 'EPERM',
  errno: -1,
  syscall: 'listen',
  address: '0.0.0.0',
  port: 3000
}

Node.js v20.13.1
